[    0.000000] Initializing cgroup subsys cpuset
[    0.000000] Initializing cgroup subsys cpu
[    0.000000] Initializing cgroup subsys cpuacct
[    0.000000] Linux version 4.4.0-210-generic (buildd@lgw01-amd64-009) (gcc version 5.4.0 20160609 (Ubuntu 5.4.0-6ubuntu1~16.04.12) ) #242-Ubuntu SMP Fri Apr 16 09:57:56 UTC 2021 (Ubuntu 4.4.0-210.242-generic 4.4.262)
[    0.000000] Command line: BOOT_IMAGE=/boot/vmlinuz-4.4.0-210-generic root=LABEL=cloudimg-rootfs ro console=tty1 console=ttyS0
[    0.000000] KERNEL supported cpus:
[    0.000000]   Intel GenuineIntel
[    0.000000]   AMD AuthenticAMD
[    0.000000]   Centaur CentaurHauls
[    0.000000] [Firmware Bug]: TSC doesn't count with P0 frequency!
[    0.000000] x86/fpu: xstate_offset[2]:  576, xstate_sizes[2]:  256
[    0.000000] x86/fpu: Supporting XSAVE feature 0x01: 'x87 floating point registers'
[    0.000000] x86/fpu: Supporting XSAVE feature 0x02: 'SSE registers'
[    0.000000] x86/fpu: Supporting XSAVE feature 0x04: 'AVX registers'
[    0.000000] x86/fpu: Enabled xstate features 0x7, context size is 832 bytes, using 'standard' format.
[    0.000000] e820: BIOS-provided physical RAM map:
[    0.000000] BIOS-e820: [mem 0x0000000000000000-0x000000000009fbff] usable
[    0.000000] BIOS-e820: [mem 0x000000000009fc00-0x000000000009ffff] reserved
[    0.000000] BIOS-e820: [mem 0x00000000000f0000-0x00000000000fffff] reserved
[    0.000000] BIOS-e820: [mem 0x0000000000100000-0x000000003ffeffff] usable
[    0.000000] BIOS-e820: [mem 0x000000003fff0000-0x000000003fffffff] ACPI data
[    0.000000] BIOS-e820: [mem 0x00000000fec00000-0x00000000fec00fff] reserved
[    0.000000] BIOS-e820: [mem 0x00000000fee00000-0x00000000fee00fff] reserved
[    0.000000] BIOS-e820: [mem 0x00000000fffc0000-0x00000000ffffffff] reserved
[    0.000000] NX (Execute Disable) protection: active
[    0.000000] SMBIOS 2.5 present.
[    0.000000] Hypervisor detected: KVM
[    0.000000] Kernel/User page tables isolation: disabled
[    0.000000] e820: last_pfn = 0x3fff0 max_arch_pfn = 0x400000000
[    0.000000] MTRR: Disabled
[    0.000000] x86/PAT: MTRRs disabled, skipping PAT initialization too.
[    0.000000] CPU MTRRs all blank - virtualized system.
[    0.000000] x86/PAT: Configuration [0-7]: WB  WT  UC- UC  WB  WT  UC- UC  
[    0.000000] found SMP MP-table at [mem 0x0009fff0-0x0009ffff] mapped at [ffff88000009fff0]
[    0.000000] Scanning 1 areas for low memory corruption
[    0.000000] RAMDISK: [mem 0x362dc000-0x37165fff]
[    0.000000] ACPI: Early table checksum verification disabled
[    0.000000] ACPI: RSDP 0x00000000000E0000 000024 (v02 VBOX  )
[    0.000000] ACPI: XSDT 0x000000003FFF0030 00003C (v01 VBOX   VBOXXSDT 00000001 ASL  00000061)
[    0.000000] ACPI: FACP 0x000000003FFF00F0 0000F4 (v04 VBOX   VBOXFACP 00000001 ASL  00000061)
[    0.000000] ACPI: DSDT 0x000000003FFF0470 002325 (v02 VBOX   VBOXBIOS 00000002 INTL 20100528)
[    0.000000] ACPI: FACS 0x000000003FFF0200 000040
[    0.000000] ACPI: FACS 0x000000003FFF0200 000040
[    0.000000] ACPI: APIC 0x000000003FFF0240 00005C (v02 VBOX   VBOXAPIC 00000001 ASL  00000061)
[    0.000000] ACPI: SSDT 0x000000003FFF02A0 0001CC (v01 VBOX   VBOXCPUT 00000002 INTL 20100528)
[    0.000000] No NUMA configuration found
[    0.000000] Faking a node at [mem 0x0000000000000000-0x000000003ffeffff]
[    0.000000] NODE_DATA(0) allocated [mem 0x3ffeb000-0x3ffeffff]
[    0.000000] kvm-clock: Using msrs 4b564d01 and 4b564d00
[    0.000000] kvm-clock: cpu 0, msr 0:3ffe3001, primary cpu clock
[    0.000000] kvm-clock: using sched offset of 3440582022 cycles
[    0.000000] clocksource: kvm-clock: mask: 0xffffffffffffffff max_cycles: 0x1cd42e4dffb, max_idle_ns: 881590591483 ns
[    0.000000] Zone ranges:
[    0.000000]   DMA      [mem 0x0000000000001000-0x0000000000ffffff]
[    0.000000]   DMA32    [mem 0x0000000001000000-0x000000003ffeffff]
[    0.000000]   Normal   empty
[    0.000000]   Device   empty
[    0.000000] Movable zone start for each node
[    0.000000] Early memory node ranges
[    0.000000]   node   0: [mem 0x0000000000001000-0x000000000009efff]
[    0.000000]   node   0: [mem 0x0000000000100000-0x000000003ffeffff]
[    0.000000] Initmem setup node 0 [mem 0x0000000000001000-0x000000003ffeffff]
[    0.000000] ACPI: PM-Timer IO Port: 0x4008
[    0.000000] IOAPIC[0]: apic_id 2, version 32, address 0xfec00000, GSI 0-23
[    0.000000] ACPI: INT_SRC_OVR (bus 0 bus_irq 0 global_irq 2 dfl dfl)
[    0.000000] ACPI: INT_SRC_OVR (bus 0 bus_irq 9 global_irq 9 low level)
[    0.000000] Using ACPI (MADT) for SMP configuration information
[    0.000000] smpboot: Allowing 2 CPUs, 0 hotplug CPUs
[    0.000000] PM: Registered nosave memory: [mem 0x00000000-0x00000fff]
[    0.000000] PM: Registered nosave memory: [mem 0x0009f000-0x0009ffff]
[    0.000000] PM: Registered nosave memory: [mem 0x000a0000-0x000effff]
[    0.000000] PM: Registered nosave memory: [mem 0x000f0000-0x000fffff]
[    0.000000] e820: [mem 0x40000000-0xfebfffff] available for PCI devices
[    0.000000] Booting paravirtualized kernel on KVM
[    0.000000] clocksource: refined-jiffies: mask: 0xffffffff max_cycles: 0xffffffff, max_idle_ns: 7645519600211568 ns
[    0.000000] setup_percpu: NR_CPUS:512 nr_cpumask_bits:512 nr_cpu_ids:2 nr_node_ids:1
[    0.000000] PERCPU: Embedded 33 pages/cpu @ffff88003fc00000 s95192 r8192 d31784 u1048576
[    0.000000] Built 1 zonelists in Node order, mobility grouping on.  Total pages: 257912
[    0.000000] Policy zone: DMA32
[    0.000000] Kernel command line: BOOT_IMAGE=/boot/vmlinuz-4.4.0-210-generic root=LABEL=cloudimg-rootfs ro console=tty1 console=ttyS0
[    0.000000] PID hash table entries: 4096 (order: 3, 32768 bytes)
[    0.000000] Memory: 997792K/1048120K available (8644K kernel code, 1332K rwdata, 4044K rodata, 1492K init, 1164K bss, 50328K reserved, 0K cma-reserved)
[    0.000000] SLUB: HWalign=64, Order=0-3, MinObjects=0, CPUs=2, Nodes=1
[    0.000000] Hierarchical RCU implementation.
[    0.000000] 	Build-time adjustment of leaf fanout to 64.
[    0.000000] 	RCU restricting CPUs from NR_CPUS=512 to nr_cpu_ids=2.
[    0.000000] RCU: Adjusting geometry for rcu_fanout_leaf=64, nr_cpu_ids=2
[    0.000000] NR_IRQS:33024 nr_irqs:440 16
[    0.000000] Console: colour VGA+ 80x25
[    0.000000] console [tty1] enabled
[    0.000000] console [ttyS0] enabled
[    0.000000] tsc: Detected 3094.188 MHz processor
[    0.145944] Calibrating delay loop (skipped) preset value.. 6188.37 BogoMIPS (lpj=12376752)
[    0.148071] pid_max: default: 32768 minimum: 301
[    0.148898] ACPI: Core revision 20150930
[    0.150518] ACPI: 2 ACPI AML tables successfully acquired and loaded
[    0.151749] Security Framework initialized
[    0.152584] Yama: becoming mindful.
[    0.153320] AppArmor: AppArmor initialized
[    0.154192] Dentry cache hash table entries: 131072 (order: 8, 1048576 bytes)
[    0.155489] Inode-cache hash table entries: 65536 (order: 7, 524288 bytes)
[    0.163097] Mount-cache hash table entries: 2048 (order: 2, 16384 bytes)
[    0.164343] Mountpoint-cache hash table entries: 2048 (order: 2, 16384 bytes)
[    0.165741] Initializing cgroup subsys io
[    0.166526] Initializing cgroup subsys memory
[    0.167373] Initializing cgroup subsys devices
[    0.168211] Initializing cgroup subsys freezer
[    0.169035] Initializing cgroup subsys net_cls
[    0.169951] Initializing cgroup subsys perf_event
[    0.170843] Initializing cgroup subsys net_prio
[    0.171724] Initializing cgroup subsys hugetlb
[    0.172610] Initializing cgroup subsys pids
[    0.178942] mce: CPU supports 0 MCE banks
[    0.179845] Last level iTLB entries: 4KB 1024, 2MB 1024, 4MB 512
[    0.180923] Last level dTLB entries: 4KB 1536, 2MB 1536, 4MB 768, 1GB 0
[    0.182119] Spectre V1 : Mitigation: usercopy/swapgs barriers and __user pointer sanitization
[    0.183728] Spectre V2 : Spectre mitigation: LFENCE not serializing, switching to generic retpoline
[    0.185434] Spectre V2 : Mitigation: Full generic retpoline
[    0.186480] Spectre V2 : Spectre v2 / SpectreRSB mitigation: Filling RSB on context switch
[    0.188099] Speculative Store Bypass: Mitigation: Speculative Store Bypass disabled via prctl and seccomp
[    0.192182] Freeing SMP alternatives memory: 36K
[    0.198784] ftrace: allocating 32380 entries in 127 pages
[    0.261287] smpboot: APIC(0) Converting physical 0 to logical package 0
[    0.262437] smpboot: Max logical packages: 1
[    0.263504] x2apic enabled
[    0.264299] Switched APIC routing to physical x2apic.
[    0.266209] ..TIMER: vector=0x30 apic1=0 pin1=2 apic2=-1 pin2=-1
[    0.375333] smpboot: CPU0: AMD Ryzen 3 1200 Quad-Core Processor (family: 0x17, model: 0x8, stepping: 0x2)
[    0.377203] Performance Events: Broken PMU hardware detected, using software events only.
[    0.378754] Failed to access perfctr msr (MSR c0010007 is 0)
[    0.386151] KVM setup paravirtual spinlock
[    0.387557] x86: Booting SMP configuration:
[    0.388350] .... node  #0, CPUs:      #1
[    0.389151] kvm-clock: cpu 1, msr 0:3ffe3041, secondary cpu clock
[    0.395289] mce: CPU supports 0 MCE banks
[    0.397873] x86: Booted up 1 node, 2 CPUs
[    0.398774] smpboot: Total of 2 processors activated (12376.75 BogoMIPS)
[    0.400287] devtmpfs: initialized
[    0.402575] evm: security.selinux
[    0.403229] evm: security.SMACK64
[    0.403887] evm: security.SMACK64EXEC
[    0.404617] evm: security.SMACK64TRANSMUTE
[    0.405366] evm: security.SMACK64MMAP
[    0.406080] evm: security.ima
[    0.406697] evm: security.capability
[    0.412441] clocksource: jiffies: mask: 0xffffffff max_cycles: 0xffffffff, max_idle_ns: 7645041785100000 ns
[    0.414189] futex hash table entries: 512 (order: 3, 32768 bytes)
[    0.415342] pinctrl core: initialized pinctrl subsystem
[    0.416387] RTC time: 13:35:23, date: 10/20/22
[    0.417427] NET: Registered protocol family 16
[    0.427860] cpuidle: using governor ladder
[    0.437633] cpuidle: using governor menu
[    0.438354] PCCT header not found.
[    0.439315] ACPI: bus type PCI registered
[    0.440045] acpiphp: ACPI Hot Plug PCI Controller Driver version: 0.5
[    0.441178] PCI: Using configuration type 1 for base access
[    0.442125] PCI: Using configuration type 1 for extended access
[    0.451874] ACPI: Added _OSI(Module Device)
[    0.452710] ACPI: Added _OSI(Processor Device)
[    0.453595] ACPI: Added _OSI(3.0 _SCP Extensions)
[    0.454433] ACPI: Added _OSI(Processor Aggregator Device)
[    0.455908] ACPI: Executed 1 blocks of module-level executable AML code
[    0.458896] ACPI: Interpreter enabled
[    0.459634] ACPI: (supports S0 S5)
[    0.460366] ACPI: Using IOAPIC for interrupt routing
[    0.461399] PCI: Using host bridge windows from ACPI; if necessary, use "pci=nocrs" and report a bug
[    0.466035] ACPI: PCI Root Bridge [PCI0] (domain 0000 [bus 00-ff])
[    0.467132] acpi PNP0A03:00: _OSC: OS supports [ExtendedConfig ASPM ClockPM Segments MSI]
[    0.469179] acpi PNP0A03:00: _OSC: platform does not support [PCIeCapability]
[    0.470626] acpi PNP0A03:00: _OSC: not requesting control; platform does not support [PCIeCapability]
[    0.472260] acpi PNP0A03:00: _OSC: OS requested [PCIeHotplug PME AER PCIeCapability]
[    0.473690] acpi PNP0A03:00: _OSC: platform willing to grant [PCIeHotplug PME AER]
[    0.475112] acpi PNP0A03:00: _OSC failed (AE_SUPPORT); disabling ASPM
[    0.476550] PCI host bridge to bus 0000:00
[    0.477335] pci_bus 0000:00: root bus resource [io  0x0000-0x0cf7 window]
[    0.486630] pci_bus 0000:00: root bus resource [io  0x0d00-0xffff window]
[    0.487743] pci_bus 0000:00: root bus resource [mem 0x000a0000-0x000bffff window]
[    0.489087] pci_bus 0000:00: root bus resource [mem 0x40000000-0xfdffffff window]
[    0.490599] pci_bus 0000:00: root bus resource [bus 00-ff]
[    0.493265] pci 0000:00:01.1: legacy IDE quirk: reg 0x10: [io  0x01f0-0x01f7]
[    0.494532] pci 0000:00:01.1: legacy IDE quirk: reg 0x14: [io  0x03f6]
[    0.495693] pci 0000:00:01.1: legacy IDE quirk: reg 0x18: [io  0x0170-0x0177]
[    0.497047] pci 0000:00:01.1: legacy IDE quirk: reg 0x1c: [io  0x0376]
[    0.508512] pci 0000:00:07.0: quirk: [io  0x4000-0x403f] claimed by PIIX4 ACPI
[    0.509953] pci 0000:00:07.0: quirk: [io  0x4100-0x410f] claimed by PIIX4 SMB
[    0.517269] ACPI: PCI Interrupt Link [LNKA] (IRQs 5 9 10 *11)
[    0.518881] ACPI: PCI Interrupt Link [LNKB] (IRQs 5 9 *10 11)
[    0.520478] ACPI: PCI Interrupt Link [LNKC] (IRQs 5 *9 10 11)
[    0.521965] ACPI: PCI Interrupt Link [LNKD] (IRQs 5 9 10 *11)
[    0.523455] ACPI: Enabled 2 GPEs in block 00 to 07
[    0.524637] vgaarb: setting as boot device: PCI:0000:00:02.0
[    0.525651] vgaarb: device added: PCI:0000:00:02.0,decodes=io+mem,owns=io+mem,locks=none
[    0.527202] vgaarb: loaded
[    0.527836] vgaarb: bridge control possible 0000:00:02.0
[    0.528971] SCSI subsystem initialized
[    0.529881] ACPI: bus type USB registered
[    0.530659] usbcore: registered new interface driver usbfs
[    0.531639] usbcore: registered new interface driver hub
[    0.532601] usbcore: registered new device driver usb
[    0.533780] PCI: Using ACPI for IRQ routing
[    0.534827] NetLabel: Initializing
[    0.535501] NetLabel:  domain hash size = 128
[    0.536319] NetLabel:  protocols = UNLABELED CIPSOv4
[    0.537237] NetLabel:  unlabeled traffic allowed by default
[    0.538378] amd_nb: Cannot enumerate AMD northbridges
[    0.539358] clocksource: Switched to clocksource kvm-clock
[    0.557180] AppArmor: AppArmor Filesystem Enabled
[    0.558157] pnp: PnP ACPI init
[    0.559443] pnp: PnP ACPI: found 3 devices
[    0.568578] clocksource: acpi_pm: mask: 0xffffff max_cycles: 0xffffff, max_idle_ns: 2085701024 ns
[    0.570323] NET: Registered protocol family 2
[    0.571360] TCP established hash table entries: 8192 (order: 4, 65536 bytes)
[    0.572559] TCP bind hash table entries: 8192 (order: 5, 131072 bytes)
[    0.573704] TCP: Hash tables configured (established 8192 bind 8192)
[    0.580238] UDP hash table entries: 512 (order: 2, 16384 bytes)
[    0.581330] UDP-Lite hash table entries: 512 (order: 2, 16384 bytes)
[    0.582389] NET: Registered protocol family 1
[    0.583186] pci 0000:00:00.0: Limiting direct PCI/PCI transfers
[    0.584187] pci 0000:00:01.0: Activating ISA DMA hang workarounds
[    0.585347] Unpacking initramfs...
[    0.936947] Freeing initrd memory: 14888K
[    0.937890] clocksource: tsc: mask: 0xffffffffffffffff max_cycles: 0x2c99d56e1c6, max_idle_ns: 440795335437 ns
[    0.939743] platform rtc_cmos: registered platform RTC device (no PNP device found)
[    0.941280] Scanning for low memory corruption every 60 seconds
[    0.942620] audit: initializing netlink subsys (disabled)
[    0.943567] audit: type=2000 audit(1666272929.481:1): initialized
[    0.944866] Initialise system trusted keyring
[    0.945874] HugeTLB registered 2 MB page size, pre-allocated 0 pages
[    0.947920] zbud: loaded
[    0.948859] VFS: Disk quotas dquot_6.6.0
[    0.949651] VFS: Dquot-cache hash table entries: 512 (order 0, 4096 bytes)
[    0.962068] squashfs: version 4.0 (2009/01/31) Phillip Lougher
[    0.963760] fuse init (API version 7.23)
[    0.964725] Key type big_key registered
[    0.965477] Allocating IMA MOK and blacklist keyrings.
[    0.967504] Key type asymmetric registered
[    0.968269] Asymmetric key parser 'x509' registered
[    0.969163] Block layer SCSI generic (bsg) driver version 0.4 loaded (major 249)
[    0.970568] io scheduler noop registered
[    0.971326] io scheduler deadline registered (default)
[    0.972358] io scheduler cfq registered
[    0.973165] pci_hotplug: PCI Hot Plug PCI Core version: 0.5
[    0.974148] pciehp: PCI Express Hot Plug Controller Driver version: 0.4
[    0.975403] ACPI: AC Adapter [AC] (on-line)
[    0.976225] input: Power Button as /devices/LNXSYSTM:00/LNXPWRBN:00/input/input0
[    0.977558] ACPI: Power Button [PWRF]
[    0.978359] input: Sleep Button as /devices/LNXSYSTM:00/LNXSLPBN:00/input/input1
[    0.979865] ACPI: Sleep Button [SLPF]
[    0.980836] GHES: HEST is not enabled!
[    0.981691] Serial: 8250/16550 driver, 32 ports, IRQ sharing enabled
[    1.003550] 00:02: ttyS0 at I/O 0x3f8 (irq = 4, base_baud = 115200) is a 16550A
[    1.006859] Linux agpgart interface v0.103
[    1.009120] loop: module loaded
[    1.010225] scsi host0: ata_piix
[    1.011012] scsi host1: ata_piix
[    1.011685] ata1: PATA max UDMA/33 cmd 0x1f0 ctl 0x3f6 bmdma 0xd000 irq 14
[    1.012877] ata2: PATA max UDMA/33 cmd 0x170 ctl 0x376 bmdma 0xd008 irq 15
[    1.014167] libphy: Fixed MDIO Bus: probed
[    1.015096] tun: Universal TUN/TAP device driver, 1.6
[    1.016011] tun: (C) 1999-2004 Max Krasnyansky <maxk@qualcomm.com>
[    1.017147] PPP generic driver version 2.4.2
[    1.018020] ehci_hcd: USB 2.0 'Enhanced' Host Controller (EHCI) Driver
[    1.019129] ehci-pci: EHCI PCI platform driver
[    1.020048] ehci-platform: EHCI generic platform driver
[    1.021036] ohci_hcd: USB 1.1 'Open' Host Controller (OHCI) Driver
[    1.022141] ohci-pci: OHCI PCI platform driver
[    1.022994] ohci-platform: OHCI generic platform driver
[    1.023956] uhci_hcd: USB Universal Host Controller Interface driver
[    1.025053] i8042: PNP: PS/2 Controller [PNP0303:PS2K,PNP0f03:PS2M] at 0x60,0x64 irq 1,12
[    1.026937] serio: i8042 KBD port at 0x60,0x64 irq 1
[    1.027789] serio: i8042 AUX port at 0x60,0x64 irq 12
[    1.028918] mousedev: PS/2 mouse device common for all mice
[    1.030223] input: AT Translated Set 2 keyboard as /devices/platform/i8042/serio0/input/input2
[    1.032199] rtc_cmos rtc_cmos: rtc core: registered rtc_cmos as rtc0
[    1.033389] rtc_cmos rtc_cmos: alarms up to one day, 114 bytes nvram
[    1.034523] i2c /dev entries driver
[    1.035289] device-mapper: uevent: version 1.0.3
[    1.036308] device-mapper: ioctl: 4.34.0-ioctl (2015-10-28) initialised: dm-devel@redhat.com
[    1.037895] ledtrig-cpu: registered to indicate activity on CPUs
[    1.039382] NET: Registered protocol family 10
[    1.040418] NET: Registered protocol family 17
[    1.041350] Key type dns_resolver registered
[    1.042456] registered taskstats version 1
[    1.043346] Loading compiled-in X.509 certificates
[    1.044731] Loaded X.509 cert 'Build time autogenerated kernel key: cf00e047681d67edb2720680708b7d9498083038'
[    1.046346] zswap: loaded using pool lzo/zbud
[    1.048457] Key type trusted registered
[    1.051690] Key type encrypted registered
[    1.052552] AppArmor: AppArmor sha1 policy hashing enabled
[    1.053526] ima: No TPM chip found, activating TPM-bypass!
[    1.054496] ima: Allocated hash algorithm: sha1
[    1.055330] evm: HMAC attrs: 0x1
[    1.056388]   Magic number: 10:934:584
[    1.057328] rtc_cmos rtc_cmos: setting system clock to 2022-10-20 13:35:24 UTC (1666272924)
[    1.059138] BIOS EDD facility v0.16 2004-Jun-25, 0 devices found
[    1.060138] EDD information not available.
[    1.191208] Freeing unused kernel memory: 1492K
[    1.192031] Write protecting the kernel read-only data: 14336k
[    1.193386] Freeing unused kernel memory: 1584K
[    1.194338] Freeing unused kernel memory: 52K
Loading, please wait...
starting version 229
[    1.203965] random: systemd-udevd: uninitialized urandom read (16 bytes read, 3 bits of entropy available)
[    1.204341] random: udevadm: uninitialized urandom read (16 bytes read, 3 bits of entropy available)
[    1.204358] random: udevadm: uninitialized urandom read (16 bytes read, 3 bits of entropy available)
[    1.209123] random: systemd-udevd: uninitialized urandom read (16 bytes read, 3 bits of entropy available)
[    1.210983] random: udevadm: uninitialized urandom read (16 bytes read, 3 bits of entropy available)
[    1.211019] random: udevadm: uninitialized urandom read (16 bytes read, 3 bits of entropy available)
[    1.211122] random: udevadm: uninitialized urandom read (16 bytes read, 3 bits of entropy available)
[    1.211163] random: udevadm: uninitialized urandom read (16 bytes read, 3 bits of entropy available)
[    1.211204] random: udevadm: uninitialized urandom read (16 bytes read, 3 bits of entropy available)
[    1.211246] random: udevadm: uninitialized urandom read (16 bytes read, 3 bits of entropy available)
[    1.246290] Fusion MPT base driver 3.04.20
[    1.247176] Copyright (c) 1999-2008 LSI Corporation
[    1.252439] e1000: Intel(R) PRO/1000 Network Driver - version 7.3.21-k8-NAPI
[    1.253862] e1000: Copyright (c) 1999-2006 Intel Corporation.
[    1.259136] Fusion MPT SPI Host driver 3.04.20
[    1.262200] AVX2 version of gcm_enc/dec engaged.
[    1.263159] AES CTR mode by8 optimization enabled
[    1.463690] input: ImExPS/2 Generic Explorer Mouse as /devices/platform/i8042/serio1/input/input4
[    1.611520] e1000 0000:00:03.0 eth0: (PCI:33MHz:32-bit) 02:be:82:6b:cc:1d
[    1.612674] e1000 0000:00:03.0 eth0: Intel(R) PRO/1000 Network Connection
[    2.334175] e1000 0000:00:08.0 eth1: (PCI:33MHz:32-bit) 08:00:27:c2:fc:a5
[    2.335409] e1000 0000:00:08.0 eth1: Intel(R) PRO/1000 Network Connection
[    2.337166] mptbase: ioc0: Initiating bringup
[    2.337573] e1000 0000:00:03.0 enp0s3: renamed from eth0
[    2.352253] e1000 0000:00:08.0 enp0s8: renamed from eth1
[    2.563259] ioc0: LSI53C1030 A0: Capabilities={Initiator}
[    4.444808] scsi host2: ioc0: LSI53C1030 A0, FwRev=00000000h, Ports=1, MaxQ=256, IRQ=20
[    5.484363] scsi 2:0:0:0: Direct-Access     VBOX     HARDDISK         1.0  PQ: 0 ANSI: 5
[    5.486066] scsi target2:0:0: Beginning Domain Validation
[    5.487766] scsi target2:0:0: Domain Validation skipping write tests
[    5.488904] scsi target2:0:0: Ending Domain Validation
[    5.489806] scsi target2:0:0: asynchronous
[    5.490822] scsi 2:0:1:0: Direct-Access     VBOX     HARDDISK         1.0  PQ: 0 ANSI: 5
[    5.492516] scsi target2:0:1: Beginning Domain Validation
[    5.494344] scsi target2:0:1: Domain Validation skipping write tests
[    5.495472] scsi target2:0:1: Ending Domain Validation
[    5.496457] scsi target2:0:1: asynchronous
[    5.501717] sd 2:0:0:0: Attached scsi generic sg0 type 0
[    5.501954] sd 2:0:0:0: [sda] 83886080 512-byte logical blocks: (42.9 GB/40.0 GiB)
[    5.502037] sd 2:0:0:0: [sda] Write Protect is off
[    5.502093] sd 2:0:0:0: [sda] Incomplete mode parameter data
[    5.502094] sd 2:0:0:0: [sda] Assuming drive cache: write through
[    5.507562] sd 2:0:1:0: Attached scsi generic sg1 type 0
[    5.508689] sd 2:0:1:0: [sdb] 20480 512-byte logical blocks: (10.5 MB/10.0 MiB)
[    5.510284] sd 2:0:1:0: [sdb] Write Protect is off
[    5.511323] sd 2:0:1:0: [sdb] Incomplete mode parameter data
[    5.512386] sd 2:0:1:0: [sdb] Assuming drive cache: write through
[    5.518900]  sda: sda1
[    5.519919] sd 2:0:0:0: [sda] Attached SCSI disk
[    5.540073] sd 2:0:1:0: [sdb] Attached SCSI disk
Begin: Loading essential drivers ... [    6.872157] md: linear personality registered for level -1
[    6.874691] md: multipath personality registered for level -4
[    6.877207] md: raid0 personality registered for level 0
[    6.880505] md: raid1 personality registered for level 1
[    6.952980] raid6: sse2x1   gen()  7744 MB/s
[    7.019426] raid6: sse2x1   xor()  7078 MB/s
[    7.088800] raid6: sse2x2   gen() 15009 MB/s
[    7.156221] raid6: sse2x2   xor()  9790 MB/s
[    7.223656] raid6: sse2x4   gen() 15223 MB/s
[    7.293022] raid6: sse2x4   xor()  7082 MB/s
[    7.360447] raid6: avx2x1   gen() 16819 MB/s
[    7.427867] raid6: avx2x2   gen() 22603 MB/s
[    7.497252] raid6: avx2x4   gen() 22457 MB/s
[    7.498045] raid6: using algorithm avx2x2 gen() 22603 MB/s
[    7.498976] raid6: using avx2x2 recovery algorithm
[    7.500839] xor: automatically using best checksumming function:
[    7.541225]    avx       : 16067.000 MB/sec
[    7.543049] async_tx: api initialized (async)
[    7.550558] md: raid6 personality registered for level 6
[    7.551593] md: raid5 personality registered for level 5
[    7.552885] md: raid4 personality registered for level 4
[    7.558263] md: raid10 personality registered for level 10
done.
Begin: Running /scripts/init-premount ... done.
Begin: Mounting root file system ... Begin: Running /scripts/local-top ... done.
Begin: Running /scripts/local-premount ... [    7.581102] Btrfs loaded
Scanning for Btrfs filesystems
done.
Warning: fsck not present, so skipping root file system
[    7.625883] EXT4-fs (sda1): mounted filesystem with ordered data mode. Opts: (null)
done.
Begin: Running /scripts/local-bottom ... done.
Begin: Running /scripts/init-bottom ... done.
[    7.953091] systemd[1]: systemd 229 running in system mode. (+PAM +AUDIT +SELINUX +IMA +APPARMOR +SMACK +SYSVINIT +UTMP +LIBCRYPTSETUP +GCRYPT +GNUTLS +ACL +XZ -LZ4 +SECCOMP +BLKID +ELFUTILS +KMOD -IDN)
[    7.956262] systemd[1]: Detected virtualization oracle.
[    7.957246] systemd[1]: Detected architecture x86-64.

Welcome to [1mUbuntu 16.04.7 LTS[0m!

[    7.988742] systemd[1]: Set hostname to <ubuntu>.
[    8.000966] systemd[1]: Initializing machine ID from random generator.
[    8.002076] systemd[1]: Installed transient /etc/machine-id file.
[    8.284804] random: nonblocking pool is initialized
[    8.476874] systemd[1]: Reached target Encrypted Volumes.
[[0;32m  OK  [0m] Reached target Encrypted Volumes.
[    8.478721] systemd[1]: Reached target User and Group Name Lookups.
[[0;32m  OK  [0m] Reached target User and Group Name Lookups.
[    8.480879] systemd[1]: Listening on Journal Socket (/dev/log).
[[0;32m  OK  [0m] Listening on Journal Socket (/dev/log).
[    8.482784] systemd[1]: Started Forward Password Requests to Wall Directory Watch.
[[0;32m  OK  [0m] Started Forward Password Requests to Wall Directory Watch.
[    8.485255] systemd[1]: Listening on /dev/initctl Compatibility Named Pipe.
[[0;32m  OK  [0m] Listening on /dev/initctl Compatibility Named Pipe.
[    8.487508] systemd[1]: Listening on Syslog Socket.
[[0;32m  OK  [0m] Listening on Syslog Socket.
[    8.489318] systemd[1]: Set up automount Arbitrary Executable File Formats File System Automount Point.
[[0;32m  OK  [0m] Set up automount Arbitrary Executab...ats File System Automount Point.
[    8.492009] systemd[1]: Listening on LVM2 poll daemon socket.
[[0;32m  OK  [0m] Listening on LVM2 poll daemon socket.
[    8.493809] systemd[1]: Reached target Swap.
[[0;32m  OK  [0m] Reached target Swap.
[    8.495291] systemd[1]: Listening on udev Kernel Socket.
[[0;32m  OK  [0m] Listening on udev Kernel Socket.
[    8.497127] systemd[1]: Listening on udev Control Socket.
[[0;32m  OK  [0m] Listening on udev Control Socket.
[    8.498861] systemd[1]: Listening on fsck to fsckd communication Socket.
[[0;32m  OK  [0m] Listening on fsck to fsckd communication Socket.
[    8.500935] systemd[1]: Started Trigger resolvconf update for networkd DNS.
[[0;32m  OK  [0m] Started Trigger resolvconf update for networkd DNS.
[    8.503081] systemd[1]: Listening on Journal Audit Socket.
[[0;32m  OK  [0m] Listening on Journal Audit Socket.
[    8.504856] systemd[1]: Reached target System Time Synchronized.
[[0;32m  OK  [0m] Reached target System Time Synchronized.
[    8.506761] systemd[1]: Listening on Journal Socket.
[[0;32m  OK  [0m] Listening on Journal Socket.
[    8.508656] systemd[1]: Created slice System Slice.
[[0;32m  OK  [0m] Created slice System Slice.
[    8.519800] systemd[1]: Mounting Debug File System...
         Mounting Debug File System...
[    8.534351] systemd[1]: Starting Load Kernel Modules...
         Starting Load Kernel Modules...
[    8.536384] systemd[1]: Starting Uncomplicated firewall...
         Starting Uncomplicated firewall...
[    8.538391] systemd[1]: Starting Nameserver information manager...
         Starting Nameserver information manager...
[    8.540670] systemd[1]: Mounting Huge Pages File System...
         Mounting Huge Pages File System...
[    8.542784] systemd[1]: Starting Journal Service...
         Starting Journal Service...
[    8.547915] systemd[1]: Starting Create list of required static device nodes for the current kernel...
         Starting Create list of required st... nodes for the current kernel...
[    8.579857] systemd[1]: Mounting POSIX Message Queue File System...
         Mounting POSIX Message Queue File System...
[    8.582260] systemd[1]: Starting File System Check on Root Device...
         Starting File System Check on Root Device...
[    8.584784] systemd[1]: Starting Set console keymap...
         Starting Set console keymap...
[    8.586755] systemd[1]: Created slice User and Session Slice.
[[0;32m  OK  [0m] Created slice User and Session Slice.
[    8.588697] systemd[1]: Reached target Slices.
[[0;32m  OK  [0m] Reached target Slices.
[    8.590746] systemd[1]: Created slice system-serial\x2dgetty.slice.
[[0;32m  OK  [0m] Created slice system-serial\x2dgetty.slice.
[    8.592699] systemd[1]: Listening on Device-mapper event daemon FIFOs.
[[0;32m  OK  [0m] Listening on Device-mapper event daemon FIFOs.
[    8.594743] systemd[1]: Listening on LVM2 metadata daemon socket.
[[0;32m  OK  [0m] Listening on LVM2 metadata daemon socket.
[    8.597375] systemd[1]: Starting Monitoring of LVM2 mirrors, snapshots etc. using dmeventd or progress polling...
         Starting Monitoring of LVM2 mirrors... dmeventd or progress polling...
[    8.609337] systemd[1]: Mounted Huge Pages File System.
[[0;32m  OK  [0m] Mounted Huge Pages File System.
[    8.611067] systemd[1]: Mounted POSIX Message Queue File System.
[[0;32m  OK  [0m] Mounted POSIX Message Queue File System.
[    8.613669] systemd[1]: Mounted Debug File System.
[[0;32m  OK  [0m] Mounted Debug File System.
[    8.615833] systemd[1]: Started Uncomplicated firewall.
[[0;32m  OK  [0m] Started Uncomplicated firewall.
[    8.628854] systemd[1]: Started Create list of required static device nodes for the current kernel.
[[0;32m  OK  [0m] Started Create list of required sta...ce nodes for the current kernel.
[    8.643671] systemd[1]: Starting Create Static Device Nodes in /dev...
         Starting Create Static Device Nodes in /dev...
[    8.653011] systemd[1]: Started Nameserver information manager.
[[0;32m  OK  [0m] Started Nameserver information manager.
[    8.680973] Loading iSCSI transport class v2.0-870.
[    8.725015] systemd[1]: Started File System Check Daemon to report status.
[[0;32m  OK  [0m] Started File System Check Daemon to report status.
[    8.727660] iscsi: registered transport (tcp)
[    8.804315] systemd[1]: Started Set console keymap.
[[0;32m  OK  [0m] Started Set console keymap.
[    8.868724] systemd[1]: Started Journal Service.
[[0;32m  OK  [0m] Started Journal Service.
[    8.877269] iscsi: registered transport (iser)
[[0;32m  OK  [0m] Started Load Kernel Modules.
         Starting Apply Kernel Variables...
         Mounting FUSE Control File System...
[[0;32m  OK  [0m] Mounted FUSE Control File System.
[[0;32m  OK  [0m] Started File System Check on Root Device.
         Starting Remount Root and Kernel File Systems...
[    8.921095] EXT4-fs (sda1): re-mounted. Opts: (null)
[[0;32m  OK  [0m] Started LVM2 metadata daemon.
[[0;32m  OK  [0m] Started Remount Root and Kernel File Systems.
         Starting Load/Save Random Seed...
         Starting udev Coldplug all Devices...
         Starting Flush Journal to Persistent Storage...
[[0;32m  OK  [0m] Started Load/Save Random Seed.
[[0;32m  OK  [0m] Started Apply Kernel Variables.
[[0;32m  OK  [0m] Started Flush Journal to Persistent Storage.
[[0;32m  OK  [0m] Started udev Coldplug all Devices.
[[0;32m  OK  [0m] Started Create Static Device Nodes in /dev.
         Starting udev Kernel Device Manager...
[[0;32m  OK  [0m] Started Monitoring of LVM2 mirrors,...ng dmeventd or progress polling.
[[0;32m  OK  [0m] Reached target Local File Systems (Pre).
[[0;32m  OK  [0m] Reached target Local File Systems.
         Starting Initial cloud-init job (pre-networking)...
         Starting Create Volatile Files and Directories...
         Starting Tell Plymouth To Write Out Runtime Data...
         Starting Commit a transient machine-id on disk...
         Starting LSB: AppArmor initialization...
         Starting Set console font and keymap...
[[0;32m  OK  [0m] Started Commit a transient machine-id on disk.
[[0;32m  OK  [0m] Started Create Volatile Files and Directories.
         Starting Update UTMP about System Boot/Shutdown...
[[0;32m  OK  [0m] Started Tell Plymouth To Write Out Runtime Data.
[[0;32m  OK  [0m] Started Update UTMP about System Boot/Shutdown.
[[0;32m  OK  [0m] Started udev Kernel Device Manager.
[[0;32m  OK  [0m] Started Dispatch Password Requests to Console Directory Watch.
[[0;32m  OK  [0m] Started Set console font and keymap.
[[0;32m  OK  [0m] Created slice system-getty.slice.
[[0;32m  OK  [0m] Found device /dev/ttyS0.
[[0;32m  OK  [0m] Listening on Load/Save RF Kill Switch Status /dev/rfkill Watch.
[[0;32m  OK  [0m] Started LSB: AppArmor initialization.
         Starting Load AppArmor profiles managed internally by snapd...
[[0;32m  OK  [0m] Started Load AppArmor profiles managed internally by snapd.
[   12.149708] cloud-init[477]: Cloud-init v. 21.1-19-gbad84ad4-0ubuntu1~16.04.2 running 'init-local' at Thu, 20 Oct 2022 13:35:35 +0000. Up 11.78 seconds.
[[0;32m  OK  [0m] Started Initial cloud-init job (pre-networking).
[[0;32m  OK  [0m] Reached target Network (Pre).
         Starting Raise network interfaces...
[[0;32m  OK  [0m] Started Raise network interfaces.
[[0;32m  OK  [0m] Reached target Network.
         Starting Initial cloud-init job (metadata service crawler)...
[   14.185781] cloud-init[965]: Cloud-init v. 21.1-19-gbad84ad4-0ubuntu1~16.04.2 running 'init' at Thu, 20 Oct 2022 13:35:36 +0000. Up 12.63 seconds.
[   14.187378] cloud-init[965]: ci-info: ++++++++++++++++++++++++++++++++++++++Net device info+++++++++++++++++++++++++++++++++++++++
[   14.188817] cloud-init[965]: ci-info: +--------+-------+----------------------------+---------------+--------+-------------------+
[   14.190153] cloud-init[965]: ci-info: | Device |   Up  |          Address           |      Mask     | Scope  |     Hw-Address    |
[   14.191520] cloud-init[965]: ci-info: +--------+-------+----------------------------+---------------+--------+-------------------+
[   14.192899] cloud-init[965]: ci-info: | enp0s3 |  True |         10.0.2.15          | 255.255.255.0 | global | 02:be:82:6b:cc:1d |
[   14.194229] cloud-init[965]: ci-info: | enp0s3 |  True | fe80::be:82ff:fe6b:cc1d/64 |       .       |  link  | 02:be:82:6b:cc:1d |
[   14.195595] cloud-init[965]: ci-info: | enp0s8 | False |             .              |       .       |   .    | 08:00:27:c2:fc:a5 |
[   14.196944] cloud-init[965]: ci-info: |   lo   |  True |         127.0.0.1          |   255.0.0.0   |  host  |         .         |
[   14.198239] cloud-init[965]: ci-info: |   lo   |  True |          ::1/128           |       .       |  host  |         .         |
[   14.199611] cloud-init[965]: ci-info: +--------+-------+----------------------------+---------------+--------+-------------------+
[   14.200915] cloud-init[965]: ci-info: +++++++++++++++++++++++++++Route IPv4 info++++++++++++++++++++++++++++
[   14.208625] cloud-init[965]: ci-info: +-------+-------------+----------+---------------+-----------+-------+
[   14.209794] cloud-init[965]: ci-info: | Route | Destination | Gateway  |    Genmask    | Interface | Flags |
[   14.216461] cloud-init[965]: ci-info: +-------+-------------+----------+---------------+-----------+-------+
[   14.217591] cloud-init[965]: ci-info: |   0   |   0.0.0.0   | 10.0.2.2 |    0.0.0.0    |   enp0s3  |   UG  |
[   14.225268] cloud-init[965]: ci-info: |   1   |   10.0.2.0  | 0.0.0.0  | 255.255.255.0 |   enp0s3  |   U   |
[   14.226414] cloud-init[965]: ci-info: +-------+-------------+----------+---------------+-----------+-------+
[   14.227625] cloud-init[965]: ci-info: +++++++++++++++++++Route IPv6 info+++++++++++++++++++
[   14.228705] cloud-init[965]: ci-info: +-------+-------------+---------+-----------+-------+
[   14.229743] cloud-init[965]: ci-info: | Route | Destination | Gateway | Interface | Flags |
[   14.230799] cloud-init[965]: ci-info: +-------+-------------+---------+-----------+-------+
[   14.231837] cloud-init[965]: ci-info: |   0   |  fe80::/64  |    ::   |   enp0s3  |   U   |
[   14.232923] cloud-init[965]: ci-info: |   3   |   ff00::/8  |    ::   |   enp0s3  |   U   |
[   14.233971] cloud-init[965]: ci-info: +-------+-------------+---------+-----------+-------+
[   14.234972] cloud-init[965]: Generating public/private rsa key pair.
[   14.235886] cloud-init[965]: Your identification has been saved in /etc/ssh/ssh_host_rsa_key.
[   14.236938] cloud-init[965]: Your public key has been saved in /etc/ssh/ssh_host_rsa_key.pub.
[   14.238019] cloud-init[965]: The key fingerprint is:
[   14.238784] cloud-init[965]: SHA256:WoMyMF31qMfgVJBZriKFJl03FZzUh2D0Wyb401ofgQk root@ubuntu-xenial
[   14.239853] cloud-init[965]: The key's randomart image is:
[   14.240633] cloud-init[965]: +---[RSA 2048]----+
[   14.253087] [[0;32m  OK  [0m] Started Initial cloud-init job (metadata service crawler).
[[0;32m  OK  [0m] Reached target System Initialization.
[[0;32m  OK  [0m] Listening on ACPID Listen Socket.
[[0;32m  OK  [0m] Started Daily Cleanup of Temporary Directories.
cloud-init[965]: |    . =@@=E.     |
[   14.256013] cloud-init[965]: | . + oo=o=o..o   |
[   14.256812] cloud-init[965]: |. * o o + +.= .  |
[   14.257599] cloud-init[965]: | o + o * . *   . |
[   14.258406] cloud-init[965]: |  . + = S + o .  |
[   14.259182] cloud-init[965]: |   . + + . + . . |
[   14.259990] cloud-init[965]: |      .   .   .  |
[   14.260778] cloud-init[965]: |                 |
[   14.261586] cloud-init[965]: |                 |
[   14.262378] cloud-init[965]: +----[SHA256]-----+
[   14.263169] cloud-init[965]: Generating public/private dsa key pair.
[   14.264097] cloud-init[965]: Your identification has been saved in /etc/ssh/ssh_host_dsa_key.
[   14.265196] cloud-init[965]: Your public key has been saved in /etc/ssh/ssh_host_dsa_key.pub.
[   14.266289] cloud-init[965]: The key fingerprint is:
[   14.267118] cloud-init[965]: SHA256:+ECodCgJ3UmB8jC3r2MKs+VDhb0riWmBu8/viThvibI root@ubuntu-xenial
[   14.268215] cloud-init[965]: The key's randomart image is:
[   14.269138] cloud-init[965]: +---[DSA 1024]----+
[   14.269944] cloud-init[965]: |.. +oo           |
[   14.270746]          Starting LXD - unix socket.
[[0;32m  OK  [0m] Listening on D-Bus System Message Bus Socket.
[[0;32m  OK  [0m] Started Daily apt download activities.
[[0;32m  OK  [0m] Started Daily apt upgrade and clean activities.
         Starting Socket activation for snappy daemon.
[[0;32m  OK  [0m] Listening on UUID daemon activation socket.
[[0;32m  OK  [0m] Started Ubuntu Advantage update messaging.
cloud-init[965]: |=.+.o.           |
[[0;32m  OK  [0m] Started ACPI Events Check.
[[0;32m  OK  [0m] Reached target Paths.
[[0;32m  OK  [0m] Started Message of the Day.
[[0;32m  OK  [0m] Reached target Timers.
[[0;32m  OK  [0m] Reached target Cloud-config availability.
[[0;32m  OK  [0m] Reached target Network is Online.
[   14.275268] cloud-init[965]: |o*o+o .          |
[   14.278003] cloud-init[965]: | o+oo. .         |
[   14.278792] cloud-init[965]: |. .o .o S        |
[   14.279581] cloud-init[965]: |... o  o         |
[   14.280389] cloud-init[965]: |o*o+ .  .        |
[   14.281165] cloud-init[965]: |OOX...           |
[   14.281968] cloud-init[965]: |EX**+            |
[   14.282723] cloud-init[965]: +----[SHA256]-----+
[   14.283498] cloud-init[965]: Generating public/private ecdsa key pair.
[   14.284451] cloud-init[965]: Your identification has been saved in /etc/ssh/ssh_host_ecdsa_key.
[   14.285533] cloud-init[965]: Your public key has been saved in /etc/ssh/ssh_host_ecdsa_key.pub.
[   14.286728] cloud-init[965]: The key fingerprint is:
[   14.287589] cloud-init[965]: SHA256:33evsamxFSKFcHck+/3wwvoRfB1xVHNIR3y/x9wXZ8s root@ubuntu-xenial
[   14.288760] cloud-init[965]: The key's randomart image is:
[   14.289620] cloud-init[965]: +---[ECDSA 256]---+
[   14.290412] cloud-init[965]: |        . . oo+BO|
[   14.291198] cloud-init[965]: |         o o +..B|
[   14.291925] cloud-init[965]: |          . o  .o|
[   14.292761]          Starting iSCSI initiator daemon (iscsid)...
[[0;32m  OK  [0m] Listening on LXD - unix socket.
[[0;32m  OK  [0m] Listening on Socket activation for snappy daemon.
[[0;32m  OK  [0m] Reached target Sockets.
[[0;32m  OK  [0m] Reached target Basic System.
cloud-init[965]:          Starting System Logging Service...
|           . o o*|
[   14.296917] cloud-init[965]: |        S . . B+X|
[   14.297956]          Starting LSB: Record successful boot for GRUB...
cloud-init[965]: |         . o o EB|
         Starting Login Service...
[   14.299682] cloud-init[[0;32m  OK  [0m] Started FUSE filesystem for LXC.
         Starting LSB: MD monitoring daemon...
[965]: |          . o B *|
[   14.301619] cloud-init[965]: |             * B.|
[   14.302354] cloud-init[965]: |            +o=..|
[   14.303030] cloud-init[965]: +----[SHA256]-----+
[   14.303827] cloud-init[965]: Generating public/private ed25519 key pair.
[   14.304818] cloud-init[965]: Your identification has been saved in /etc/ssh/ssh_host_ed25519_key.
[   14.306005] cloud-init[965]: Your public key has been saved in /etc/ssh/ssh_host_ed25519_key.pub.
[   14.307174] cloud-init[965]: The key fingerprint is:
[   14.307996] cloud-init[965]: SHA256:36JgVcScSFxkAvxZFkc2i2BRJ8l9srwjT8+SN6Tzj50 root@ubuntu-xenial
[   14.309180] cloud-init[965]: The key's randomart image is:
[   14.310032] cloud-init[965]: +--[ED25519 256]--+
[   14.310831] cloud-init[965]: |     ..+*XO**    |
[   14.311601] cloud-init[965]: |      ..o=O*oo.  |
[   14.312383] cloud-init[965]: |       . +o..+   |
[   14.313187] cloud-init[965]: |        o.  o    |
[   14.314007] cloud-init[965]: |        S    .   |
[   14.314825] cloud-init[965]: |       . ...+ .  |
[   14.315558] cloud-init[965]: |      o   o+.B   |
[   14.316392] cloud-init[965]: |     . . . .* =o.|
[   14.317157] cloud-init[965]: |        .    =oEo|
[   14.317931] cloud-init[965]: +----[SHA256]-----+
         Starting Pollinate to seed the pseudo random number generator...
[[0;32m  OK  [0m] Started ACPI event daemon.
         Starting Virtualbox guest utils...
[[0;32m  OK  [0m] Started Regular background program processing daemon.
[[0;32m  OK  [0m] Started Deferred execution scheduler.
[[0;32m  OK  [0m] Started D-Bus System Message Bus.
         Starting Snap Daemon...
         Starting Accounts Service...
         Starting /etc/rc.local Compatibility...
         Starting LXD - container startup/shutdown...
[[0;32m  OK  [0m] Started System Logging Service.
[[0;32m  OK  [0m] Started Login Service.
[[0;32m  OK  [0m] Started Unattended Upgrades Shutdown.
[[0;32m  OK  [0m] Started /etc/rc.local Compatibility.
[[0;32m  OK  [0m] Started iSCSI initiator daemon (iscsid).
         Starting Login to default iSCSI targets...
[[0;32m  OK  [0m] Started LSB: MD monitoring daemon.
[[0;32m  OK  [0m] Started Login to default iSCSI targets.
[[0;32m  OK  [0m] Reached target Remote File Systems (Pre).
[[0;32m  OK  [0m] Reached target Remote File Systems.
         Starting LSB: Set the CPU Frequency Scaling governor to "ondemand"...
         Starting LSB: automatic crash report generation...
         Starting Permit User Sessions...
         Starting LSB: daemon to balance interrupts for SMP systems...
[[0;32m  OK  [0m] Started LSB: Set the CPU Frequency Scaling governor to "ondemand".
[[0;32m  OK  [0m] Started Permit User Sessions.
         Starting Terminate Plymouth Boot Screen...
         Starting Hold until boot process finishes up...
[[0;32m  OK  [0m] Started Hold until boot process finishes up.
[[0;32m  OK  [0m] Started Serial Getty on ttyS0.
         Starting Set console scheme...
[[0;32m  OK  [0m] Started Getty on tty1.
[[0;32m  OK  [0m] Reached target Login Prompts.
[[0;32m  OK  [0m] Started Terminate Plymouth Boot Screen.
[[0;32m  OK  [0m] Started LSB: automatic crash report generation.
[[0;32m  OK  [0m] Started Set console scheme.
[[0;32m  OK  [0m] Started LSB: Record successful boot for GRUB.
[[0;32m  OK  [0m] Started LSB: daemon to balance interrupts for SMP systems.
[[0;32m  OK  [0m] Started Virtualbox guest utils.
         Starting Authenticate and Authorize Users to Run Privileged Tasks...
[[0;32m  OK  [0m] Started Authenticate and Authorize Users to Run Privileged Tasks.
[[0;32m  OK  [0m] Started Accounts Service.
[[0;32m  OK  [0m] Started Pollinate to seed the pseudo random number generator.
         Starting OpenBSD Secure Shell server...
[[0;32m  OK  [0m] Started OpenBSD Secure Shell server.
[[0;32m  OK  [0m] Started LXD - container startup/shutdown.
[[0;32m  OK  [0m] Started Snap Daemon.
         Starting Wait until snapd is fully seeded...
[[0;32m  OK  [0m] Started Wait until snapd is fully seeded.
         Starting Apply the settings specified in cloud-config...
[[0;32m  OK  [0m] Reached target Multi-User System.
[[0;32m  OK  [0m] Reached target Graphical Interface.
         Starting Update UTMP about System Runlevel Changes...
[[0;32m  OK  [0m] Started Update UTMP about System Runlevel Changes.
[   19.572191] cloud-init[1303]: Generating locales (this might take a while)...
[[0;32m  OK  [0m] Created slice User Slice of vagrant.
         Starting User Manager for UID 1000...
[[0;32m  OK  [0m] Started Session 1 of user vagrant.
[[0;32m  OK  [0m] Started User Manager for UID 1000.

Ubuntu 16.04.7 LTS ubuntu-xenial ttyS0

ubuntu-xenial login: [   22.071801] cloud-init[1303]:   en_US.UTF-8... done
[   22.072297] cloud-init[1303]: Generation complete.
[   23.449900] cloud-init[1303]: Cloud-init v. 21.1-19-gbad84ad4-0ubuntu1~16.04.2 running 'modules:config' at Thu, 20 Oct 2022 13:35:43 +0000. Up 19.37 seconds.
ci-info: no authorized SSH keys fingerprints found for user ubuntu.
<14>Oct 20 13:35:47 ec2: 
<14>Oct 20 13:35:47 ec2: #############################################################
<14>Oct 20 13:35:47 ec2: -----BEGIN SSH HOST KEY FINGERPRINTS-----
<14>Oct 20 13:35:47 ec2: 1024 SHA256:+ECodCgJ3UmB8jC3r2MKs+VDhb0riWmBu8/viThvibI root@ubuntu-xenial (DSA)
<14>Oct 20 13:35:47 ec2: 256 SHA256:33evsamxFSKFcHck+/3wwvoRfB1xVHNIR3y/x9wXZ8s root@ubuntu-xenial (ECDSA)
<14>Oct 20 13:35:47 ec2: 256 SHA256:36JgVcScSFxkAvxZFkc2i2BRJ8l9srwjT8+SN6Tzj50 root@ubuntu-xenial (ED25519)
<14>Oct 20 13:35:47 ec2: 2048 SHA256:WoMyMF31qMfgVJBZriKFJl03FZzUh2D0Wyb401ofgQk root@ubuntu-xenial (RSA)
<14>Oct 20 13:35:47 ec2: -----END SSH HOST KEY FINGERPRINTS-----
<14>Oct 20 13:35:47 ec2: #############################################################
-----BEGIN SSH HOST KEY KEYS-----
ecdsa-sha2-nistp256 AAAAE2VjZHNhLXNoYTItbmlzdHAyNTYAAAAIbmlzdHAyNTYAAABBBBU8Utu7JQ9UcBlQz+x3fzv3VACUdw2caD7zjJlzJ6XjgzqnH5TUTwuu3mAygHmtgdBF5RmiwQrVSltd1SLGVzs= root@ubuntu-xenial
ssh-ed25519 AAAAC3NzaC1lZDI1NTE5AAAAIIXotqShT3UD7ghUGQGkh4otCj+AoB5ZwAFAW9YZikj/ root@ubuntu-xenial
ssh-rsa AAAAB3NzaC1yc2EAAAADAQABAAABAQCcyzznqOrcuw19wCBza2vj1tZq0EzcbwHp0Lk4Vem7shv1ToF4jjmgeZuxBFShjLWlyfchWaPqAdHhROhr/fwzwT7tRZ/NpFd4+qUa2rQav0yxCwOV0AxCZKZYvIkaZXH2l3ZslzjlutBp9JGYf58TJnTfnbQoZtbLCinxD7vqYoNKo5lIQhVEJvCMYCDC/wc4NM53SML2sA33Ib2A66x9efvLIVaJRHeqONwCggDDr2t/lwKfmNRZuDTKnPZieJiUvZSfqapEysy0RriLBaELzWviWIl+bJP0l9P6VbeTgUYcYb8w/LuTT8U4dtxi5ZcgxOUek2dSoQwuKtT1STuV root@ubuntu-xenial
-----END SSH HOST KEY KEYS-----
[   24.017577] cloud-init[1543]: Cloud-init v. 21.1-19-gbad84ad4-0ubuntu1~16.04.2 running 'modules:final' at Thu, 20 Oct 2022 13:35:47 +0000. Up 23.74 seconds.
[   24.017735] cloud-init[1543]: ci-info: no authorized SSH keys fingerprints found for user ubuntu.
[   24.019176] cloud-init[1543]: Cloud-init v. 21.1-19-gbad84ad4-0ubuntu1~16.04.2 finished at Thu, 20 Oct 2022 13:35:47 +0000. Datasource DataSourceNoCloud [seed=/dev/sdb][dsmode=net].  Up 24.01 seconds
